{"numTotalTestSuites":10,"numPassedTestSuites":10,"numFailedTestSuites":0,"numPendingTestSuites":0,"numTotalTests":33,"numPassedTests":33,"numFailedTests":0,"numPendingTests":0,"numTodoTests":0,"snapshot":{"added":0,"failure":false,"filesAdded":0,"filesRemoved":0,"filesRemovedList":[],"filesUnmatched":0,"filesUpdated":0,"matched":0,"total":0,"unchecked":0,"uncheckedKeysByFile":[],"unmatched":0,"updated":0,"didUpdate":false},"startTime":1773983695186,"success":true,"testResults":[{"assertionResults":[{"ancestorTitles":["Completed Goals Feature Logic","Goal filtering and sorting"],"fullName":"Completed Goals Feature Logic Goal filtering and sorting should separate goals into active and completed arrays","status":"passed","title":"should separate goals into active and completed arrays","duration":2.208872999999926,"failureMessages":[],"meta":{}},{"ancestorTitles":["Completed Goals Feature Logic","Goal filtering and sorting"],"fullName":"Completed Goals Feature Logic Goal filtering and sorting should sort completed goals by completedDate descending (most recent first)","status":"passed","title":"should sort completed goals by completedDate descending (most recent first)","duration":0.3816390000000638,"failureMessages":[],"meta":{}},{"ancestorTitles":["Completed Goals Feature Logic","Goal filtering and sorting"],"fullName":"Completed Goals Feature Logic Goal filtering and sorting should only show completed goals section when completed goals exist","status":"passed","title":"should only show completed goals section when completed goals exist","duration":0.1571719999999459,"failureMessages":[],"meta":{}},{"ancestorTitles":["Completed Goals Feature Logic","Goal filtering and sorting"],"fullName":"Completed Goals Feature Logic Goal filtering and sorting should not show completed goals section when no completed goals exist","status":"passed","title":"should not show completed goals section when no completed goals exist","duration":0.17721900000003643,"failureMessages":[],"meta":{}},{"ancestorTitles":["Completed Goals Feature Logic","Collapsed/Expanded state management"],"fullName":"Completed Goals Feature Logic Collapsed/Expanded state management should initialize expandedCompletedGoals as empty set","status":"passed","title":"should initialize expandedCompletedGoals as empty set","duration":0.18917099999998754,"failureMessages":[],"meta":{}},{"ancestorTitles":["Completed Goals Feature Logic","Collapsed/Expanded state management"],"fullName":"Completed Goals Feature Logic Collapsed/Expanded state management should add goal ID when expanding","status":"passed","title":"should add goal ID when expanding","duration":0.15527799999995295,"failureMessages":[],"meta":{}},{"ancestorTitles":["Completed Goals Feature Logic","Collapsed/Expanded state management"],"fullName":"Completed Goals Feature Logic Collapsed/Expanded state management should remove goal ID when collapsing","status":"passed","title":"should remove goal ID when collapsing","duration":0.2151689999999462,"failureMessages":[],"meta":{}},{"ancestorTitles":["Completed Goals Feature Logic","Collapsed/Expanded state management"],"fullName":"Completed Goals Feature Logic Collapsed/Expanded state management should toggle goal expansion state","status":"passed","title":"should toggle goal expansion state","duration":0.2516170000000102,"failureMessages":[],"meta":{}},{"ancestorTitles":["Completed Goals Feature Logic","localStorage persistence"],"fullName":"Completed Goals Feature Logic localStorage persistence should convert boolean section visibility to string for storage","status":"passed","title":"should convert boolean section visibility to string for storage","duration":0.2420999999999367,"failureMessages":[],"meta":{}},{"ancestorTitles":["Completed Goals Feature Logic","localStorage persistence"],"fullName":"Completed Goals Feature Logic localStorage persistence should convert stored string back to boolean for section visibility","status":"passed","title":"should convert stored string back to boolean for section visibility","duration":0.1872769999999946,"failureMessages":[],"meta":{}},{"ancestorTitles":["Completed Goals Feature Logic","localStorage persistence"],"fullName":"Completed Goals Feature Logic localStorage persistence should convert \"true\" string to boolean correctly","status":"passed","title":"should convert \"true\" string to boolean correctly","duration":0.12895000000003165,"failureMessages":[],"meta":{}},{"ancestorTitles":["Completed Goals Feature Logic","localStorage persistence"],"fullName":"Completed Goals Feature Logic localStorage persistence should serialize expanded goals set as comma-separated string","status":"passed","title":"should serialize expanded goals set as comma-separated string","duration":0.20027200000004086,"failureMessages":[],"meta":{}},{"ancestorTitles":["Completed Goals Feature Logic","localStorage persistence"],"fullName":"Completed Goals Feature Logic localStorage persistence should deserialize comma-separated string to goals set","status":"passed","title":"should deserialize comma-separated string to goals set","duration":0.2035280000000057,"failureMessages":[],"meta":{}},{"ancestorTitles":["Completed Goals Feature Logic","localStorage persistence"],"fullName":"Completed Goals Feature Logic localStorage persistence should handle empty expanded goals string","status":"passed","title":"should handle empty expanded goals string","duration":0.16988500000002205,"failureMessages":[],"meta":{}},{"ancestorTitles":["Completed Goals Feature Logic","Goal status and completion date handling"],"fullName":"Completed Goals Feature Logic Goal status and completion date handling should set completedDate when marking goal as completed","status":"passed","title":"should set completedDate when marking goal as completed","duration":0.5797170000000733,"failureMessages":[],"meta":{}},{"ancestorTitles":["Completed Goals Feature Logic","Goal status and completion date handling"],"fullName":"Completed Goals Feature Logic Goal status and completion date handling should clear completedDate when reopening completed goal","status":"passed","title":"should clear completedDate when reopening completed goal","duration":0.16915400000004865,"failureMessages":[],"meta":{}},{"ancestorTitles":["Completed Goals Feature Logic","Goal status and completion date handling"],"fullName":"Completed Goals Feature Logic Goal status and completion date handling should format completion date correctly for display","status":"passed","title":"should format completion date correctly for display","duration":19.219582999999943,"failureMessages":[],"meta":{}},{"ancestorTitles":["Completed Goals Feature Logic","Collapsed vs expanded card display"],"fullName":"Completed Goals Feature Logic Collapsed vs expanded card display should determine if card is collapsed based on expanded set","status":"passed","title":"should determine if card is collapsed based on expanded set","duration":0.13140399999997499,"failureMessages":[],"meta":{}},{"ancestorTitles":["Completed Goals Feature Logic","Collapsed vs expanded card display"],"fullName":"Completed Goals Feature Logic Collapsed vs expanded card display should determine if card is expanded based on expanded set","status":"passed","title":"should determine if card is expanded based on expanded set","duration":0.0942450000000008,"failureMessages":[],"meta":{}},{"ancestorTitles":["Completed Goals Feature Logic","Collapsed vs expanded card display"],"fullName":"Completed Goals Feature Logic Collapsed vs expanded card display should show appropriate button based on status","status":"passed","title":"should show appropriate button based on status","duration":0.09104899999999816,"failureMessages":[],"meta":{}}],"startTime":1773983695980,"endTime":1773983696006.091,"status":"passed","message":"","name":"/home/runner/work/goals-tracker-web-app/goals-tracker-web-app/src/services/__tests__/completedGoalsFeature.test.ts"},{"assertionResults":[{"ancestorTitles":["Date Parsing Logic for Progress Logging"],"fullName":"Date Parsing Logic for Progress Logging should correctly parse a date string into a Date object with the same day","status":"passed","title":"should correctly parse a date string into a Date object with the same day","duration":1.2701489999999467,"failureMessages":[],"meta":{}},{"ancestorTitles":["Date Parsing Logic for Progress Logging"],"fullName":"Date Parsing Logic for Progress Logging should not have off-by-one errors for various dates","status":"passed","title":"should not have off-by-one errors for various dates","duration":0.7781049999999823,"failureMessages":[],"meta":{}},{"ancestorTitles":["Date Parsing Logic for Progress Logging"],"fullName":"Date Parsing Logic for Progress Logging should handle month and year boundaries correctly","status":"passed","title":"should handle month and year boundaries correctly","duration":0.542697999999973,"failureMessages":[],"meta":{}},{"ancestorTitles":["Date Parsing Logic for Progress Logging"],"fullName":"Date Parsing Logic for Progress Logging should create dates at midnight in local timezone","status":"passed","title":"should create dates at midnight in local timezone","duration":0.22202200000003813,"failureMessages":[],"meta":{}},{"ancestorTitles":["Date Parsing Logic for Progress Logging"],"fullName":"Date Parsing Logic for Progress Logging should NOT have the old bug where Date(dateString) followed by setHours causes off-by-one","status":"passed","title":"should NOT have the old bug where Date(dateString) followed by setHours causes off-by-one","duration":0.22962599999993927,"failureMessages":[],"meta":{}},{"ancestorTitles":["Date Parsing Logic for Progress Logging"],"fullName":"Date Parsing Logic for Progress Logging should handle the specific case from the bug report","status":"passed","title":"should handle the specific case from the bug report","duration":0.7300460000000157,"failureMessages":[],"meta":{}},{"ancestorTitles":["Timestamp Preservation in Progress Logging"],"fullName":"Timestamp Preservation in Progress Logging should preserve the current time when logging progress without retroactive flag","status":"passed","title":"should preserve the current time when logging progress without retroactive flag","duration":0.5509539999999333,"failureMessages":[],"meta":{}},{"ancestorTitles":["Timestamp Preservation in Progress Logging"],"fullName":"Timestamp Preservation in Progress Logging should use midnight for retroactive entries to match the selected date","status":"passed","title":"should use midnight for retroactive entries to match the selected date","duration":0.2799890000000005,"failureMessages":[],"meta":{}},{"ancestorTitles":["Timestamp Preservation in Progress Logging"],"fullName":"Timestamp Preservation in Progress Logging should preserve time of day when provided a specific timestamp for retroactive entries","status":"passed","title":"should preserve time of day when provided a specific timestamp for retroactive entries","duration":0.20104299999991326,"failureMessages":[],"meta":{}},{"ancestorTitles":["Timestamp Preservation in Progress Logging"],"fullName":"Timestamp Preservation in Progress Logging should distinguish between loggedAt and timestamp fields","status":"passed","title":"should distinguish between loggedAt and timestamp fields","duration":0.19354899999996178,"failureMessages":[],"meta":{}},{"ancestorTitles":["Timestamp Preservation in Progress Logging"],"fullName":"Timestamp Preservation in Progress Logging should not default progress to midnight when user logs current progress","status":"passed","title":"should not default progress to midnight when user logs current progress","duration":0.1374750000001086,"failureMessages":[],"meta":{}},{"ancestorTitles":["Timestamp Preservation in Progress Logging"],"fullName":"Timestamp Preservation in Progress Logging should handle multiple log entries with different effective times","status":"passed","title":"should handle multiple log entries with different effective times","duration":0.14980800000000727,"failureMessages":[],"meta":{}},{"ancestorTitles":["Timestamp Preservation in Progress Logging"],"fullName":"Timestamp Preservation in Progress Logging should fix the specific bug from the bug report","status":"passed","title":"should fix the specific bug from the bug report","duration":0.09414400000002843,"failureMessages":[],"meta":{}}],"startTime":1773983695978,"endTime":1773983695984.201,"status":"passed","message":"","name":"/home/runner/work/goals-tracker-web-app/goals-tracker-web-app/src/services/__tests__/progressService.test.ts"}]}